<?xml version="1.0" encoding="UTF-8"?>
<!-- Generated by org.testng.reporters.JUnitReportReporter -->
<testsuite hostname="MOHLAPRAM" failures="0" tests="1" name="Testcases.RateChange_07_ManagementVerification" time="37.263" errors="0" timestamp="2024-10-18T15:57:05 IST" skipped="0">
  <testcase classname="Testcases.RateChange_07_ManagementVerification" name="ManagementVerification" time="37.263"/>
  <system-out/>
</testsuite> <!-- Testcases.RateChange_07_ManagementVerification -->
