<?xml version="1.0" encoding="UTF-8"?>
<!-- Generated by org.testng.reporters.JUnitReportReporter -->
<testsuite hostname="MOHLAPRAM" failures="0" tests="1" name="Testcases.RateChangeTest" time="78.560" errors="0" timestamp="2024-10-07T16:22:33 IST" skipped="0">
  <testcase classname="Testcases.RateChangeTest" name="Logintest" time="78.560"/>
  <system-out/>
</testsuite> <!-- Testcases.RateChangeTest -->
