<?xml version="1.0" encoding="UTF-8"?>
<!-- Generated by org.testng.reporters.JUnitReportReporter -->
<testsuite hostname="MOHLAPRAM" failures="0" tests="1" name="Testcases.RateChange_02_ZonalRegionalHeadVerification" time="29.606" errors="0" timestamp="2024-10-18T15:57:05 IST" skipped="0">
  <testcase classname="Testcases.RateChange_02_ZonalRegionalHeadVerification" name="verifyZonalRegionalHead" time="29.606"/>
  <system-out/>
</testsuite> <!-- Testcases.RateChange_02_ZonalRegionalHeadVerification -->
