<?xml version="1.0" encoding="UTF-8"?>
<!-- Generated by org.testng.reporters.JUnitReportReporter -->
<testsuite hostname="MOHLAPRAM" failures="0" tests="1" name="Testcases.RateChange_06_ChiefSalesOfficerVerification" time="33.726" errors="0" timestamp="2024-10-18T15:57:05 IST" skipped="0">
  <testcase classname="Testcases.RateChange_06_ChiefSalesOfficerVerification" name="ChiefSalesOfficerVerification" time="33.726"/>
  <system-out/>
</testsuite> <!-- Testcases.RateChange_06_ChiefSalesOfficerVerification -->
